<?xml version="1.0" encoding="UTF-8"?>
<testng-results skipped="0" failed="0" total="1" passed="1">
  <reporter-output>
  </reporter-output>
  <suite name="Default suite" duration-ms="16974" started-at="2017-05-04T08:36:42Z" finished-at="2017-05-04T08:36:59Z">
    <groups>
    </groups>
    <test name="Default test" duration-ms="16974" started-at="2017-05-04T08:36:42Z" finished-at="2017-05-04T08:36:59Z">
      <class name="online.TestCase">
        <test-method status="PASS" signature="loginF()[pri:0, instance:online.TestCase@396a51ab]" name="loginF" duration-ms="16947" started-at="2017-05-04T11:36:42Z" finished-at="2017-05-04T11:36:59Z">
          <reporter-output>
          </reporter-output>
        </test-method> <!-- loginF -->
      </class> <!-- online.TestCase -->
    </test> <!-- Default test -->
  </suite> <!-- Default suite -->
</testng-results>
